mode: set
go.chromium.org/luci/common/sync/dispatcher/channel.go:40.31,41.26 1 0
go.chromium.org/luci/common/sync/dispatcher/channel.go:51.70,52.41 1 0
go.chromium.org/luci/common/sync/dispatcher/channel.go:55.2,56.16 2 0
go.chromium.org/luci/common/sync/dispatcher/channel.go:59.2,59.26 1 0
go.chromium.org/luci/common/sync/dispatcher/channel.go:52.41,54.3 1 0
go.chromium.org/luci/common/sync/dispatcher/channel.go:56.16,58.3 1 0
go.chromium.org/luci/common/sync/dispatcher/options.go:101.88,108.3 2 0
go.chromium.org/luci/common/sync/dispatcher/options_validate.go:23.37,24.21 1 0
go.chromium.org/luci/common/sync/dispatcher/options_validate.go:28.2,28.22 1 0
go.chromium.org/luci/common/sync/dispatcher/options_validate.go:32.2,32.23 1 0
go.chromium.org/luci/common/sync/dispatcher/options_validate.go:38.2,38.19 1 0
go.chromium.org/luci/common/sync/dispatcher/options_validate.go:44.2,44.12 1 0
go.chromium.org/luci/common/sync/dispatcher/options_validate.go:24.21,26.3 1 0
go.chromium.org/luci/common/sync/dispatcher/options_validate.go:28.22,30.3 1 0
go.chromium.org/luci/common/sync/dispatcher/options_validate.go:32.23,34.3 1 0
go.chromium.org/luci/common/sync/dispatcher/options_validate.go:34.8,34.29 1 0
go.chromium.org/luci/common/sync/dispatcher/options_validate.go:34.29,36.3 1 0
go.chromium.org/luci/common/sync/dispatcher/options_validate.go:38.19,40.3 1 0
go.chromium.org/luci/common/sync/dispatcher/options_validate.go:40.8,40.25 1 0
go.chromium.org/luci/common/sync/dispatcher/options_validate.go:40.25,42.3 1 0
