mode: set
go.chromium.org/luci/common/sync/dispatcher/buffer/batch.go:75.37,76.35 1 1
go.chromium.org/luci/common/sync/dispatcher/buffer/batch.go:79.2,79.35 1 1
go.chromium.org/luci/common/sync/dispatcher/buffer/batch.go:82.2,82.20 1 1
go.chromium.org/luci/common/sync/dispatcher/buffer/batch.go:76.35,78.3 1 1
go.chromium.org/luci/common/sync/dispatcher/buffer/batch.go:79.35,81.3 1 1
go.chromium.org/luci/common/sync/dispatcher/buffer/buffer.go:55.29,57.2 1 0
go.chromium.org/luci/common/sync/dispatcher/buffer/buffer.go:60.28,62.2 1 0
go.chromium.org/luci/common/sync/dispatcher/buffer/buffer.go:115.45,116.14 1 0
go.chromium.org/luci/common/sync/dispatcher/buffer/buffer.go:119.2,121.45 2 0
go.chromium.org/luci/common/sync/dispatcher/buffer/buffer.go:125.2,128.17 4 0
go.chromium.org/luci/common/sync/dispatcher/buffer/buffer.go:116.14,118.3 1 0
go.chromium.org/luci/common/sync/dispatcher/buffer/buffer.go:121.45,123.3 1 0
go.chromium.org/luci/common/sync/dispatcher/buffer/buffer.go:132.54,133.33 1 0
go.chromium.org/luci/common/sync/dispatcher/buffer/buffer.go:138.2,138.8 1 0
go.chromium.org/luci/common/sync/dispatcher/buffer/buffer.go:133.33,134.41 1 0
go.chromium.org/luci/common/sync/dispatcher/buffer/buffer.go:134.41,136.4 1 0
go.chromium.org/luci/common/sync/dispatcher/buffer/buffer.go:144.50,148.9 3 0
go.chromium.org/luci/common/sync/dispatcher/buffer/buffer.go:149.69,152.18 3 0
go.chromium.org/luci/common/sync/dispatcher/buffer/buffer.go:154.21,158.16 4 0
go.chromium.org/luci/common/sync/dispatcher/buffer/buffer.go:160.10,163.21 2 0
go.chromium.org/luci/common/sync/dispatcher/buffer/buffer.go:167.3,169.17 3 0
go.chromium.org/luci/common/sync/dispatcher/buffer/buffer.go:163.21,165.67 1 0
go.chromium.org/luci/common/sync/dispatcher/buffer/buffer.go:177.81,179.17 2 0
go.chromium.org/luci/common/sync/dispatcher/buffer/buffer.go:182.2,182.15 1 0
go.chromium.org/luci/common/sync/dispatcher/buffer/buffer.go:186.2,186.29 1 0
go.chromium.org/luci/common/sync/dispatcher/buffer/buffer.go:198.2,201.87 3 0
go.chromium.org/luci/common/sync/dispatcher/buffer/buffer.go:204.2,204.8 1 0
go.chromium.org/luci/common/sync/dispatcher/buffer/buffer.go:179.17,180.38 1 0
go.chromium.org/luci/common/sync/dispatcher/buffer/buffer.go:182.15,184.3 1 0
go.chromium.org/luci/common/sync/dispatcher/buffer/buffer.go:186.29,196.3 2 0
go.chromium.org/luci/common/sync/dispatcher/buffer/buffer.go:201.87,203.3 1 0
go.chromium.org/luci/common/sync/dispatcher/buffer/buffer.go:211.41,213.18 2 0
go.chromium.org/luci/common/sync/dispatcher/buffer/buffer.go:217.2,222.8 6 0
go.chromium.org/luci/common/sync/dispatcher/buffer/buffer.go:213.18,215.3 1 0
go.chromium.org/luci/common/sync/dispatcher/buffer/buffer.go:230.45,233.27 2 0
go.chromium.org/luci/common/sync/dispatcher/buffer/buffer.go:237.2,237.29 1 0
go.chromium.org/luci/common/sync/dispatcher/buffer/buffer.go:243.2,243.12 1 0
go.chromium.org/luci/common/sync/dispatcher/buffer/buffer.go:233.27,235.3 1 0
go.chromium.org/luci/common/sync/dispatcher/buffer/buffer.go:237.29,238.70 1 0
go.chromium.org/luci/common/sync/dispatcher/buffer/buffer.go:238.70,240.4 1 0
go.chromium.org/luci/common/sync/dispatcher/buffer/buffer.go:247.34,249.2 1 0
go.chromium.org/luci/common/sync/dispatcher/buffer/buffer.go:253.38,256.2 2 0
go.chromium.org/luci/common/sync/dispatcher/buffer/buffer.go:265.60,268.9 2 0
go.chromium.org/luci/common/sync/dispatcher/buffer/buffer.go:285.2,290.8 6 0
go.chromium.org/luci/common/sync/dispatcher/buffer/buffer.go:269.57,271.9 1 0
go.chromium.org/luci/common/sync/dispatcher/buffer/buffer.go:273.70,273.70 0 0
go.chromium.org/luci/common/sync/dispatcher/buffer/buffer.go:276.47,278.17 1 0
go.chromium.org/luci/common/sync/dispatcher/buffer/buffer.go:280.10,282.9 1 0
go.chromium.org/luci/common/sync/dispatcher/buffer/buffer.go:299.39,301.2 1 0
go.chromium.org/luci/common/sync/dispatcher/buffer/buffer.go:303.59,304.51 1 0
go.chromium.org/luci/common/sync/dispatcher/buffer/buffer.go:307.2,309.44 2 0
go.chromium.org/luci/common/sync/dispatcher/buffer/buffer.go:315.2,315.8 1 0
go.chromium.org/luci/common/sync/dispatcher/buffer/buffer.go:304.51,305.76 1 0
go.chromium.org/luci/common/sync/dispatcher/buffer/buffer.go:309.44,312.3 2 0
go.chromium.org/luci/common/sync/dispatcher/buffer/buffer.go:312.8,314.3 1 0
go.chromium.org/luci/common/sync/dispatcher/buffer/buffer.go:330.72,331.44 1 0
go.chromium.org/luci/common/sync/dispatcher/buffer/buffer.go:336.2,337.26 2 0
go.chromium.org/luci/common/sync/dispatcher/buffer/buffer.go:341.2,342.65 2 0
go.chromium.org/luci/common/sync/dispatcher/buffer/buffer.go:345.2,348.8 3 0
go.chromium.org/luci/common/sync/dispatcher/buffer/buffer.go:331.44,333.3 1 0
go.chromium.org/luci/common/sync/dispatcher/buffer/buffer.go:337.26,339.3 1 0
go.chromium.org/luci/common/sync/dispatcher/buffer/buffer.go:342.65,344.3 1 0
go.chromium.org/luci/common/sync/dispatcher/buffer/full_behavior.go:56.80,59.2 2 0
go.chromium.org/luci/common/sync/dispatcher/buffer/full_behavior.go:62.57,63.21 1 0
go.chromium.org/luci/common/sync/dispatcher/buffer/full_behavior.go:69.2,69.9 1 0
go.chromium.org/luci/common/sync/dispatcher/buffer/full_behavior.go:75.2,75.8 1 0
go.chromium.org/luci/common/sync/dispatcher/buffer/full_behavior.go:63.21,65.34 2 0
go.chromium.org/luci/common/sync/dispatcher/buffer/full_behavior.go:65.34,67.4 1 0
go.chromium.org/luci/common/sync/dispatcher/buffer/full_behavior.go:70.36,70.36 0 0
go.chromium.org/luci/common/sync/dispatcher/buffer/full_behavior.go:71.10,73.37 1 0
go.chromium.org/luci/common/sync/dispatcher/buffer/full_behavior.go:102.82,104.69 2 0
go.chromium.org/luci/common/sync/dispatcher/buffer/full_behavior.go:107.2,107.8 1 0
go.chromium.org/luci/common/sync/dispatcher/buffer/full_behavior.go:104.69,106.3 1 0
go.chromium.org/luci/common/sync/dispatcher/buffer/full_behavior.go:111.59,112.25 1 0
go.chromium.org/luci/common/sync/dispatcher/buffer/full_behavior.go:118.2,118.9 1 0
go.chromium.org/luci/common/sync/dispatcher/buffer/full_behavior.go:124.2,124.8 1 0
go.chromium.org/luci/common/sync/dispatcher/buffer/full_behavior.go:112.25,114.38 2 0
go.chromium.org/luci/common/sync/dispatcher/buffer/full_behavior.go:114.38,116.4 1 0
go.chromium.org/luci/common/sync/dispatcher/buffer/full_behavior.go:119.40,119.40 0 0
go.chromium.org/luci/common/sync/dispatcher/buffer/full_behavior.go:120.10,122.41 1 0
go.chromium.org/luci/common/sync/dispatcher/buffer/full_behavior.go:136.80,136.102 1 0
go.chromium.org/luci/common/sync/dispatcher/buffer/full_behavior.go:139.57,139.71 1 0
go.chromium.org/luci/common/sync/dispatcher/buffer/heap.go:27.40,27.57 1 1
go.chromium.org/luci/common/sync/dispatcher/buffer/heap.go:28.40,28.67 1 1
go.chromium.org/luci/common/sync/dispatcher/buffer/heap.go:29.40,29.66 1 1
go.chromium.org/luci/common/sync/dispatcher/buffer/heap.go:32.43,32.76 1 1
go.chromium.org/luci/common/sync/dispatcher/buffer/heap.go:33.39,39.2 5 1
go.chromium.org/luci/common/sync/dispatcher/buffer/heap.go:42.45,44.2 1 1
go.chromium.org/luci/common/sync/dispatcher/buffer/heap.go:47.39,49.2 1 1
go.chromium.org/luci/common/sync/dispatcher/buffer/heap.go:54.55,56.27 2 1
go.chromium.org/luci/common/sync/dispatcher/buffer/heap.go:61.2,61.8 1 1
go.chromium.org/luci/common/sync/dispatcher/buffer/heap.go:56.27,57.44 1 1
go.chromium.org/luci/common/sync/dispatcher/buffer/heap.go:57.44,59.4 1 1
go.chromium.org/luci/common/sync/dispatcher/buffer/heap.go:66.39,68.2 1 1
go.chromium.org/luci/common/sync/dispatcher/buffer/moving_average.go:35.56,36.17 1 0
go.chromium.org/luci/common/sync/dispatcher/buffer/moving_average.go:40.2,42.24 3 0
go.chromium.org/luci/common/sync/dispatcher/buffer/moving_average.go:47.2,47.42 1 0
go.chromium.org/luci/common/sync/dispatcher/buffer/moving_average.go:36.17,37.47 1 0
go.chromium.org/luci/common/sync/dispatcher/buffer/moving_average.go:42.24,45.3 2 0
go.chromium.org/luci/common/sync/dispatcher/buffer/moving_average.go:51.39,53.2 1 0
go.chromium.org/luci/common/sync/dispatcher/buffer/moving_average.go:56.43,60.2 3 0
go.chromium.org/luci/common/sync/dispatcher/buffer/options.go:76.31,85.3 1 0
go.chromium.org/luci/common/sync/dispatcher/buffer/options.go:90.37,91.9 1 0
go.chromium.org/luci/common/sync/dispatcher/buffer/options.go:99.2,99.9 1 0
go.chromium.org/luci/common/sync/dispatcher/buffer/options.go:108.2,108.9 1 0
go.chromium.org/luci/common/sync/dispatcher/buffer/options.go:116.2,116.27 1 0
go.chromium.org/luci/common/sync/dispatcher/buffer/options.go:120.2,120.20 1 0
go.chromium.org/luci/common/sync/dispatcher/buffer/options.go:124.2,124.78 1 0
go.chromium.org/luci/common/sync/dispatcher/buffer/options.go:92.24,93.35 1 0
go.chromium.org/luci/common/sync/dispatcher/buffer/options.go:94.23,94.23 0 0
go.chromium.org/luci/common/sync/dispatcher/buffer/options.go:95.10,96.75 1 0
go.chromium.org/luci/common/sync/dispatcher/buffer/options.go:100.24,101.35 1 0
go.chromium.org/luci/common/sync/dispatcher/buffer/options.go:102.25,102.25 0 0
go.chromium.org/luci/common/sync/dispatcher/buffer/options.go:103.23,103.23 0 0
go.chromium.org/luci/common/sync/dispatcher/buffer/options.go:104.10,105.84 1 0
go.chromium.org/luci/common/sync/dispatcher/buffer/options.go:109.28,110.43 1 0
go.chromium.org/luci/common/sync/dispatcher/buffer/options.go:111.27,111.27 0 0
go.chromium.org/luci/common/sync/dispatcher/buffer/options.go:112.10,113.83 1 0
go.chromium.org/luci/common/sync/dispatcher/buffer/options.go:116.27,118.3 1 0
go.chromium.org/luci/common/sync/dispatcher/buffer/options.go:120.20,122.3 1 0
go.chromium.org/luci/common/sync/dispatcher/buffer/options.go:127.40,128.21 1 0
go.chromium.org/luci/common/sync/dispatcher/buffer/options.go:131.2,131.11 1 0
go.chromium.org/luci/common/sync/dispatcher/buffer/options.go:128.21,130.3 1 0
